This file contains any messages produced by compilers while
running configure, to aid debugging if configure makes a mistake.

It was created by configure, which was
generated by GNU Autoconf 2.57.  Invocation command line was

  $ ./configure --enable-mpi --enable-type-prefix

## --------- ##
## Platform. ##
## --------- ##

hostname = Jazmines-MacBook-Pro.local
uname -m = x86_64
uname -r = 18.5.0
uname -s = Darwin
uname -v = Darwin Kernel Version 18.5.0: Mon Mar 11 22:26:31 PDT 2019; root:xnu-4903.251.3~5/RELEASE_X86_64

/usr/bin/uname -p = i386
/bin/uname -X     = unknown

/bin/arch              = unknown
/usr/bin/arch -k       = unknown
/usr/convex/getsysinfo = unknown
hostinfo               = Mach kernel version:
         Darwin Kernel Version 18.5.0: Mon Mar 11 22:26:31 PDT 2019; root:xnu-4903.251.3~5/RELEASE_X86_64
Kernel configured for up to 8 processors.
4 processors are physically available.
8 processors are logically available.
Processor type: x86_64h (Intel x86-64h Haswell)
Processors active: 0 1 2 3 4 5 6 7
Primary memory available: 8.00 gigabytes
Default processor set: 361 tasks, 1614 threads, 8 processors
Load average: 1.28, Mach factor: 6.71
/bin/machine           = unknown
/usr/bin/oslevel       = unknown
/bin/universe          = unknown

PATH: /opt/anaconda2/bin
PATH: /opt/anaconda2/condabin
PATH: /usr/local/bin
PATH: /usr/bin
PATH: /bin
PATH: /usr/sbin
PATH: /sbin


## ----------- ##

configure:1500: checking for a BSD-compatible install
configure:1554: result: /usr/bin/install -c
configure:1565: checking whether build environment is sane
configure:1608: result: yes
configure:1641: checking for gawk
configure:1670: result: no
configure:1641: checking for mawk
configure:1670: result: no
configure:1641: checking for nawk
configure:1670: result: no
configure:1641: checking for awk
configure:1657: found /usr/bin/awk
configure:1667: result: awk
configure:1677: checking whether make sets $(MAKE)
configure:1697: result: yes
configure:1965: checking type prefix for installed files
configure:1973: result: d
configure:2063: checking for vendor's cc to be used instead of gcc
configure:2067: checking for cc
configure:2093: result: x86_64-apple-darwin13.4.0-clang
configure:2417: checking for C compiler version
configure:2420: x86_64-apple-darwin13.4.0-clang --version </dev/null >&5
clang version 4.0.1 (tags/RELEASE_401/final)
Target: x86_64-apple-darwin13.4.0
Thread model: posix
InstalledDir: /opt/anaconda2/bin
configure:2423: $? = 0
configure:2425: x86_64-apple-darwin13.4.0-clang -v </dev/null >&5
clang version 4.0.1 (tags/RELEASE_401/final)
Target: x86_64-apple-darwin13.4.0
Thread model: posix
InstalledDir: /opt/anaconda2/bin
configure:2428: $? = 0
configure:2430: x86_64-apple-darwin13.4.0-clang -V </dev/null >&5
clang-4.0: error: argument to '-V' is missing (expected 1 value)
clang-4.0: error: no input files
configure:2433: $? = 1
configure:2457: checking for C compiler default output
configure:2460: x86_64-apple-darwin13.4.0-clang -march=core2 -mtune=haswell -mssse3 -ftree-vectorize -fPIC -fPIE -fstack-protector-strong -O2 -pipe -D_FORTIFY_SOURCE=2 -mmacosx-version-min=10.9 -Wl,-pie -Wl,-headerpad_max_install_names -Wl,-dead_strip_dylibs conftest.c  >&5
ld: warning: ignoring file /Library/Developer/CommandLineTools/SDKs/MacOSX.sdk/usr/lib/libSystem.tbd, file was built for unsupported file format ( 0x2D 0x2D 0x2D 0x20 0x21 0x74 0x61 0x70 0x69 0x2D 0x74 0x62 0x64 0x2D 0x76 0x33 ) which is not the architecture being linked (x86_64): /Library/Developer/CommandLineTools/SDKs/MacOSX.sdk/usr/lib/libSystem.tbd
ld: dynamic main executables must link with libSystem.dylib for architecture x86_64
clang-4.0: error: linker command failed with exit code 1 (use -v to see invocation)
configure:2463: $? = 1
configure: failed program was:
| #line 2436 "configure"
| /* confdefs.h.  */
|
| #define PACKAGE_NAME ""
| #define PACKAGE_TARNAME ""
| #define PACKAGE_VERSION ""
| #define PACKAGE_STRING ""
| #define PACKAGE_BUGREPORT ""
| #define PACKAGE "fftw"
| #define VERSION "2.1.5"
| /* end confdefs.h.  */
|
| int
| main ()
| {
|
|   ;
|   return 0;
| }
configure:2502: error: C compiler cannot create executables
See `config.log' for more details.

## ---------------- ##
## Cache variables. ##
## ---------------- ##

ac_cv_env_CC_set=set
ac_cv_env_CC_value=x86_64-apple-darwin13.4.0-clang
ac_cv_env_CFLAGS_set=set
ac_cv_env_CFLAGS_value='-march=core2 -mtune=haswell -mssse3 -ftree-vectorize -fPIC -fPIE -fstack-protector-strong -O2 -pipe'
ac_cv_env_CPPFLAGS_set=set
ac_cv_env_CPPFLAGS_value='-D_FORTIFY_SOURCE=2 -mmacosx-version-min=10.9'
ac_cv_env_CPP_set=
ac_cv_env_CPP_value=
ac_cv_env_F77_set=
ac_cv_env_F77_value=
ac_cv_env_FFLAGS_set=
ac_cv_env_FFLAGS_value=
ac_cv_env_LDFLAGS_set=set
ac_cv_env_LDFLAGS_value='-Wl,-pie -Wl,-headerpad_max_install_names -Wl,-dead_strip_dylibs'
ac_cv_env_build_alias_set=
ac_cv_env_build_alias_value=
ac_cv_env_host_alias_set=
ac_cv_env_host_alias_value=
ac_cv_env_target_alias_set=
ac_cv_env_target_alias_value=
ac_cv_path_install='/usr/bin/install -c'
ac_cv_prog_AWK=awk
ac_cv_prog_CC=x86_64-apple-darwin13.4.0-clang
ac_cv_prog_make_make_set=yes

## ----------------- ##
## Output variables. ##
## ----------------- ##

ACLOCAL='${SHELL} /Users/jazminejefferson/holography/fftw-2.1.5/missing --run aclocal-1.7'
ALLOCA=''
AMDEPBACKSLASH=''
AMDEP_FALSE=''
AMDEP_TRUE=''
AMTAR='${SHELL} /Users/jazminejefferson/holography/fftw-2.1.5/missing --run tar'
AUTOCONF='${SHELL} /Users/jazminejefferson/holography/fftw-2.1.5/missing --run autoconf'
AUTOHEADER='${SHELL} /Users/jazminejefferson/holography/fftw-2.1.5/missing --run autoheader'
AUTOMAKE='${SHELL} /Users/jazminejefferson/holography/fftw-2.1.5/missing --run automake-1.7'
AWK='awk'
CC='x86_64-apple-darwin13.4.0-clang'
CCDEPMODE=''
CFLAGS='-march=core2 -mtune=haswell -mssse3 -ftree-vectorize -fPIC -fPIE -fstack-protector-strong -O2 -pipe'
CPP=''
CPPFLAGS='-D_FORTIFY_SOURCE=2 -mmacosx-version-min=10.9'
CYGPATH_W='echo'
DEFS=''
DEPDIR=''
ECHO='/bin/echo'
ECHO_C='ECHO_N=''
ECHO_T=''
EGREP=''
EXEEXT=''
F77=''
FFLAGS=''
FFTW_MPI_INCLUDELIST=''
FFTW_MPI_LIBLIST=''
FFTW_MPI_PROGLIST=''
FFTW_PREFIX1='d'
FFTW_PREFIX='d'
FFTW_THREADS_INCLUDELIST=''
FFTW_THREADS_LIBLIST=''
FFTW_THREADS_PROGLIST=''
FLIBS=''
INSTALL_DATA='${INSTALL} -m 644'
INSTALL_PROGRAM='${INSTALL}'
INSTALL_SCRIPT='${INSTALL}'
INSTALL_STRIP_PROGRAM='${SHELL} $(install_sh) -c -s'
LDFLAGS='-Wl,-pie -Wl,-headerpad_max_install_names -Wl,-dead_strip_dylibs'
LIBOBJS=''
LIBS=''
LIBTOOL='/opt/anaconda2/bin/x86_64-apple-darwin13.4.0-libtool'
LN_S=''
LTLIBOBJS=''
MAKEINFO='${SHELL} /Users/jazminejefferson/holography/fftw-2.1.5/missing --run makeinfo'
MPICC=''
MPILIBS=''
OBJEXT=''
PACKAGE='fftw'
PACKAGE_BUGREPORT=''
PACKAGE_NAME=''
PACKAGE_STRING=''
PACKAGE_TARNAME=''
PACKAGE_VERSION=''
PATH_SEPARATOR=':'
PERL=''
PTHREAD_CC=''
PTHREAD_CFLAGS=''
PTHREAD_LIBS=''
RANLIB='/opt/anaconda2/bin/x86_64-apple-darwin13.4.0-ranlib'
SET_MAKE=''
SHARED_VERSION=''
SHARED_VERSION_INFO='2:7:0'
SHELL='/bin/sh'
STRIP='/opt/anaconda2/bin/x86_64-apple-darwin13.4.0-strip'
THREADLIBS=''
VERSION='2.1.5'
ac_ct_CC=''
ac_ct_F77=''
ac_ct_RANLIB=''
ac_ct_STRIP=''
am__fastdepCC_FALSE=''
am__fastdepCC_TRUE=''
am__include=''
am__leading_dot='.'
am__quote=''
bindir='${exec_prefix}/bin'
build=''
build_alias=''
build_cpu=''
build_os=''
build_vendor=''
datadir='${prefix}/share'
exec_prefix='NONE'
host=''
host_alias=''
host_cpu=''
host_os=''
host_vendor=''
includedir='${prefix}/include'
infodir='${prefix}/info'
install_sh='/Users/jazminejefferson/holography/fftw-2.1.5/install-sh'
libdir='${exec_prefix}/lib'
libexecdir='${exec_prefix}/libexec'
localstatedir='${prefix}/var'
mandir='${prefix}/man'
oldincludedir='/usr/include'
prefix='NONE'
program_transform_name='s,x,x,'
sbindir='${exec_prefix}/sbin'
sharedstatedir='${prefix}/com'
sysconfdir='${prefix}/etc'
target_alias=''

## ----------- ##
## confdefs.h. ##
## ----------- ##

#define PACKAGE "fftw"
#define PACKAGE_BUGREPORT ""
#define PACKAGE_NAME ""
#define PACKAGE_STRING ""
#define PACKAGE_TARNAME ""
#define PACKAGE_VERSION ""
#define VERSION "2.1.5"

configure: exit 77
